<?xml version="1.0" encoding="UTF-8"?>
<!-- Generated by org.testng.reporters.JUnitReportReporter -->
<testsuite hostname="DESKTOP-DSKH4QA" failures="0" tests="1" name="testCases.TC_001_AccountRegistrationTest" time="7.731" errors="0" timestamp="2023-03-27T17:49:06 IST" skipped="0">
  <testcase classname="testCases.TC_001_AccountRegistrationTest" name="accountRegisterationTest" time="7.731"/>
  <system-out/>
</testsuite> <!-- testCases.TC_001_AccountRegistrationTest -->
