<?xml version="1.0" encoding="UTF-8"?>
<!-- Generated by org.testng.reporters.JUnitReportReporter -->
<testsuite hostname="DESKTOP-DSKH4QA" failures="0" tests="1" name="testCases.TC_002_LoginTest" time="6.158" errors="0" timestamp="2023-03-27T17:49:06 IST" skipped="0">
  <testcase classname="testCases.TC_002_LoginTest" name="login" time="6.158"/>
  <system-out/>
</testsuite> <!-- testCases.TC_002_LoginTest -->
