<?xml version="1.0" encoding="UTF-8"?>
<!-- Generated by org.testng.reporters.JUnitReportReporter -->
<testsuite hostname="DESKTOP-DSKH4QA" failures="0" tests="1" name="testCases.TC_001_AccountRegistrationTest" time="6.757" errors="0" timestamp="2023-03-29T13:45:57 IST" skipped="0">
  <testcase classname="testCases.TC_001_AccountRegistrationTest" name="accountRegisterationTest" time="6.757"/>
  <system-out/>
</testsuite> <!-- testCases.TC_001_AccountRegistrationTest -->
